<?xml version="1.0" encoding="UTF-8"?>
<testng-results ignored="0" total="2" passed="2" failed="0" skipped="0">
  <reporter-output>
    <line>
      <![CDATA[launching browser]]>
    </line>
    <line>
      <![CDATA[Waiting...]]>
    </line>
    <line>
      <![CDATA[Clicking on gender button]]>
    </line>
    <line>
      <![CDATA[clicking on next button]]>
    </line>
    <line>
      <![CDATA[Handling dropdown]]>
    </line>
    <line>
      <![CDATA[clicking on next button]]>
    </line>
    <line>
      <![CDATA[entering pin code]]>
    </line>
    <line>
      <![CDATA[entering mobile number]]>
    </line>
    <line>
      <![CDATA[clicking on next button]]>
    </line>
    <line>
      <![CDATA[validateBannersTC execution started]]>
    </line>
    <line>
      <![CDATA[getting get plan numbers from banners]]>
    </line>
    <line>
      <![CDATA[getting get plan numbers from String]]>
    </line>
    <line>
      <![CDATA[validatePresenceOfSortButtonTC execution started]]>
    </line>
    <line>
      <![CDATA[Checking if sort plan filter is displayed]]>
    </line>
    <line>
      <![CDATA[closing browser]]>
    </line>
  </reporter-output>
  <suite started-at="2024-08-20T09:11:44 IST" name="Suite" finished-at="2024-08-20T09:12:01 IST" duration-ms="16953">
    <groups>
    </groups>
    <test started-at="2024-08-20T09:11:44 IST" name="Test" finished-at="2024-08-20T09:12:01 IST" duration-ms="16953">
      <class name="coverFoxTest.CoverFoxTC2">
        <test-method is-config="true" signature="launchBrowser()[pri:0, instance:coverFoxTest.CoverFoxTC2@459e9125]" started-at="2024-08-20T09:11:44 IST" name="launchBrowser" finished-at="2024-08-20T09:11:47 IST" duration-ms="3267" status="PASS">
          <reporter-output>
            <line>
              <![CDATA[launching browser]]>
            </line>
            <line>
              <![CDATA[Waiting...]]>
            </line>
          </reporter-output>
        </test-method> <!-- launchBrowser -->
        <test-method is-config="true" signature="preConditions()[pri:0, instance:coverFoxTest.CoverFoxTC2@459e9125]" started-at="2024-08-20T09:11:47 IST" name="preConditions" finished-at="2024-08-20T09:11:51 IST" duration-ms="4468" status="PASS">
          <reporter-output>
            <line>
              <![CDATA[Clicking on gender button]]>
            </line>
            <line>
              <![CDATA[clicking on next button]]>
            </line>
            <line>
              <![CDATA[Handling dropdown]]>
            </line>
            <line>
              <![CDATA[clicking on next button]]>
            </line>
            <line>
              <![CDATA[entering pin code]]>
            </line>
            <line>
              <![CDATA[entering mobile number]]>
            </line>
            <line>
              <![CDATA[clicking on next button]]>
            </line>
          </reporter-output>
        </test-method> <!-- preConditions -->
        <test-method signature="validateBanners()[pri:0, instance:coverFoxTest.CoverFoxTC2@459e9125]" started-at="2024-08-20T09:11:51 IST" name="validateBanners" finished-at="2024-08-20T09:11:55 IST" duration-ms="4034" status="PASS">
          <reporter-output>
            <line>
              <![CDATA[validateBannersTC execution started]]>
            </line>
            <line>
              <![CDATA[getting get plan numbers from banners]]>
            </line>
            <line>
              <![CDATA[getting get plan numbers from String]]>
            </line>
          </reporter-output>
        </test-method> <!-- validateBanners -->
        <test-method signature="validatePresenceOfSortButton()[pri:0, instance:coverFoxTest.CoverFoxTC2@459e9125]" started-at="2024-08-20T09:11:55 IST" name="validatePresenceOfSortButton" finished-at="2024-08-20T09:11:59 IST" duration-ms="4027" status="PASS">
          <reporter-output>
            <line>
              <![CDATA[validatePresenceOfSortButtonTC execution started]]>
            </line>
            <line>
              <![CDATA[Checking if sort plan filter is displayed]]>
            </line>
          </reporter-output>
        </test-method> <!-- validatePresenceOfSortButton -->
        <test-method is-config="true" signature="closeBrowser()[pri:0, instance:coverFoxTest.CoverFoxTC2@459e9125]" started-at="2024-08-20T09:11:59 IST" name="closeBrowser" finished-at="2024-08-20T09:12:01 IST" duration-ms="1134" status="PASS">
          <reporter-output>
            <line>
              <![CDATA[closing browser]]>
            </line>
          </reporter-output>
        </test-method> <!-- closeBrowser -->
      </class> <!-- coverFoxTest.CoverFoxTC2 -->
    </test> <!-- Test -->
  </suite> <!-- Suite -->
</testng-results>
